<?xml version="1.0" encoding="UTF-8" ?>
<testsuites>
 <testsuite name="In class End to End Exercise" timestamp="2016-02-28T21:19:51" hostname="localhost" time="4.018" errors="0" tests="3" skipped="0" disabled="0" failures="0">
  <testcase classname="In class End to End Exercise" name="should work and have header text" time="1.172" />
  <testcase classname="In class End to End Exercise" name="should log in as my test user and validate my status message" time="1.288" />
  <testcase classname="In class End to End Exercise" name="should update the status and then set it back" time="1.555" />
 </testsuite>
</testsuites>