<?xml version="1.0" encoding="UTF-8" ?>
<testsuites>
 <testsuite name="RiceBookApp" timestamp="2015-10-08T15:14:13" hostname="localhost" time="9.559" errors="0" tests="5" skipped="0" disabled="0" failures="1">
  <testcase classname="RiceBookApp" name="should work and have header text" time="4.689" />
  <testcase classname="RiceBookApp" name="should delete a post" time="1.401">
   <failure type="toEqual" message="Expected 2 to equal 21."><![CDATA[Error: Failed expectation
    at Object.<anonymous> (C:\cygwin\home\skotep\rw\2015Fall\webdev\sample\RiceBookApp\e2e\scenarios.js:15:59)
    at C:\Users\skotep\AppData\Roaming\npm\node_modules\protractor\node_modules\jasminewd2\index.js:96:23
    at new promise.Promise (C:\Users\skotep\AppData\Roaming\npm\node_modules\protractor\node_modules\selenium-webdriver\lib\webdriver\promise.js:355:5)
    at controlFlowExecute (C:\Users\skotep\AppData\Roaming\npm\node_modules\protractor\node_modules\jasminewd2\index.js:82:18)
    at [object Object].promise.ControlFlow.runInFrame_ (C:\Users\skotep\AppData\Roaming\npm\node_modules\protractor\node_modules\selenium-webdriver\lib\webdriver\promise.js:1877:20)
    at [object Object].promise.ControlFlow.runEventLoop_ (C:\Users\skotep\AppData\Roaming\npm\node_modules\protractor\node_modules\selenium-webdriver\lib\webdriver\promise.js:1755:8)
    at [object Object].<anonymous> (C:\Users\skotep\AppData\Roaming\npm\node_modules\protractor\node_modules\selenium-webdriver\lib\webdriver\promise.js:2056:12)
    at goog.async.run.processWorkQueue (C:\Users\skotep\AppData\Roaming\npm\node_modules\protractor\node_modules\selenium-webdriver\lib\goog\async\run.js:125:21)
    at runMicrotasksCallback (node.js:337:7)]]>
   </failure>
  </testcase>
  <testcase classname="RiceBookApp" name="should filter to none" time="1.164" />
  <testcase classname="RiceBookApp" name="should filter to two" time="0.865" />
  <testcase classname="RiceBookApp" name="should add a post" time="1.432" />
 </testsuite>
</testsuites>