<?xml version="1.0" encoding="UTF-8" ?>
<testsuites>
 <testsuite name="RiceBookApp" timestamp="2016-02-24T23:17:06" hostname="localhost" time="3.178" errors="0" tests="5" skipped="0" disabled="0" failures="0">
  <testcase classname="RiceBookApp" name="should work and have header text" time="1.638" />
  <testcase classname="RiceBookApp" name="should delete a post" time="0.447" />
  <testcase classname="RiceBookApp" name="should filter to none" time="0.419" />
  <testcase classname="RiceBookApp" name="should filter to two" time="0.295" />
  <testcase classname="RiceBookApp" name="should add a post" time="0.376" />
 </testsuite>
</testsuites>